{"uid":"50b9f2182de03f5c","name":"test_Profile_Individual_Flyer_EditListingAndPackages","fullName":"tests.test_suite_demo.ProfileTest#test_Profile_Individual_Flyer_EditListingAndPackages","historyId":"ef053c67b68429830258aba4e4cbb923","time":{"start":1660132327731,"stop":1660132363831,"duration":36100},"status":"failed","statusMessage":"AssertionError: Navigation to login page failed","statusTrace":"self = <tests.test_profile.ProfileTest testMethod=test_Profile_Individual_Flyer_EditListingAndPackages>\n\n    @allure.story('Profile')  # epic/story of the test case\n    # @allure.severity(allure.severity_level.MINOR) # severity of the test case\n    # @pytestrail.case('C48') # test case if on TestRail\n    def test_Profile_Individual_Flyer_EditListingAndPackages(self):\n        self.homeNavigation = HomeNavigation(self.driver)\n        self.loggedInNavigation = LoggedInNavigation(self.driver)\n        self.profileNavigation = ProfileNavigation(self.driver)\n        self.loginPage = LoginPage(self.driver)\n        self.loggedInPage = LoggedInPage(self.driver)\n        self.profilePage = ProfilePage(self.driver)\n        self.ts = TestStatus(self.driver)\n    \n        with allure.step('Waiting for homepage to completely load'):\n            self.ts.markFinal(self.page_has_loaded(), \"Homepage loaded completely\",\n                              \"Homepage not loaded completely\")\n    \n        with allure.step('Navigate to login page'):\n            self.homeNavigation.goToLoginPage()\n>           self.ts.markFinal(self.loginPage.isAt, \"Navigation to login page\", \"Navigation to login page failed\")\n\ntests/test_profile.py:282: \n_ _ _ _ _ _ _ _ _ _ _ _ _ _ _ _ _ _ _ _ _ _ _ _ _ _ _ _ _ _ _ _ _ _ _ _ _ _ _ _ \n\nself = <utilities.teststatus.TestStatus object at 0x7f05bbfdeef0>\nresult = False, passResultMessage = 'Navigation to login page'\nfailResultMessage = 'Navigation to login page failed'\n\n    def markFinal(self, result, passResultMessage, failResultMessage):\n        \"\"\"\n        Mark the final result of the verification point in a test case\n        This needs to be called at least once in a test case\n        This should be final test status of the test case\n        \"\"\"\n        self.setResult(result, passResultMessage, failResultMessage)\n        if \"FAIL\" in self.resultList:\n            self.resultList.clear()\n>           assert False, failResultMessage\nE           AssertionError: Navigation to login page failed\n\nutilities/teststatus.py:55: AssertionError","flaky":true,"newFailed":true,"newBroken":false,"newPassed":false,"retriesCount":0,"retriesStatusChange":false,"beforeStages":[{"name":"_unittest_setUpClass_fixture_ProfileTest","time":{"start":1660132316360,"stop":1660132316360,"duration":0},"status":"passed","steps":[],"attachments":[],"parameters":[],"stepsCount":0,"attachmentsCount":0,"shouldDisplayMessage":false,"hasContent":false},{"name":"oneTimeSetUp","time":{"start":1660132316361,"stop":1660132316361,"duration":0},"status":"passed","steps":[],"attachments":[],"parameters":[],"stepsCount":0,"attachmentsCount":0,"shouldDisplayMessage":false,"hasContent":false},{"name":"setUp","time":{"start":1660132316361,"stop":1660132327730,"duration":11369},"status":"passed","steps":[],"attachments":[],"parameters":[],"stepsCount":0,"attachmentsCount":0,"shouldDisplayMessage":false,"hasContent":false}],"testStage":{"status":"failed","statusMessage":"AssertionError: Navigation to login page failed","statusTrace":"self = <tests.test_profile.ProfileTest testMethod=test_Profile_Individual_Flyer_EditListingAndPackages>\n\n    @allure.story('Profile')  # epic/story of the test case\n    # @allure.severity(allure.severity_level.MINOR) # severity of the test case\n    # @pytestrail.case('C48') # test case if on TestRail\n    def test_Profile_Individual_Flyer_EditListingAndPackages(self):\n        self.homeNavigation = HomeNavigation(self.driver)\n        self.loggedInNavigation = LoggedInNavigation(self.driver)\n        self.profileNavigation = ProfileNavigation(self.driver)\n        self.loginPage = LoginPage(self.driver)\n        self.loggedInPage = LoggedInPage(self.driver)\n        self.profilePage = ProfilePage(self.driver)\n        self.ts = TestStatus(self.driver)\n    \n        with allure.step('Waiting for homepage to completely load'):\n            self.ts.markFinal(self.page_has_loaded(), \"Homepage loaded completely\",\n                              \"Homepage not loaded completely\")\n    \n        with allure.step('Navigate to login page'):\n            self.homeNavigation.goToLoginPage()\n>           self.ts.markFinal(self.loginPage.isAt, \"Navigation to login page\", \"Navigation to login page failed\")\n\ntests/test_profile.py:282: \n_ _ _ _ _ _ _ _ _ _ _ _ _ _ _ _ _ _ _ _ _ _ _ _ _ _ _ _ _ _ _ _ _ _ _ _ _ _ _ _ \n\nself = <utilities.teststatus.TestStatus object at 0x7f05bbfdeef0>\nresult = False, passResultMessage = 'Navigation to login page'\nfailResultMessage = 'Navigation to login page failed'\n\n    def markFinal(self, result, passResultMessage, failResultMessage):\n        \"\"\"\n        Mark the final result of the verification point in a test case\n        This needs to be called at least once in a test case\n        This should be final test status of the test case\n        \"\"\"\n        self.setResult(result, passResultMessage, failResultMessage)\n        if \"FAIL\" in self.resultList:\n            self.resultList.clear()\n>           assert False, failResultMessage\nE           AssertionError: Navigation to login page failed\n\nutilities/teststatus.py:55: AssertionError","steps":[{"name":"Waiting for homepage to completely load","time":{"start":1660132327733,"stop":1660132331337,"duration":3604},"status":"passed","steps":[],"attachments":[{"uid":"aafde0efdcbd9451","name":"Homepage loaded completely.1660132327739.png","source":"aafde0efdcbd9451.png","type":"image/png","size":330703}],"parameters":[],"stepsCount":0,"attachmentsCount":1,"shouldDisplayMessage":false,"hasContent":true},{"name":"Navigate to login page","time":{"start":1660132331338,"stop":1660132363831,"duration":32493},"status":"failed","statusMessage":"AssertionError: Navigation to login page failed\n","statusTrace":"  File \"/home/runner/work/FlyerrUIAutomation/FlyerrUIAutomation/tests/test_profile.py\", line 282, in test_Profile_Individual_Flyer_EditListingAndPackages\n    self.ts.markFinal(self.loginPage.isAt, \"Navigation to login page\", \"Navigation to login page failed\")\n  File \"/home/runner/work/FlyerrUIAutomation/FlyerrUIAutomation/utilities/teststatus.py\", line 55, in markFinal\n    assert False, failResultMessage\n","steps":[],"attachments":[{"uid":"dceb8f7a17454524","name":"Navigation to login page failed.1660132363397.png","source":"dceb8f7a17454524.png","type":"image/png","size":330703}],"parameters":[],"stepsCount":0,"attachmentsCount":1,"shouldDisplayMessage":true,"hasContent":true}],"attachments":[{"uid":"8e1ae06cdda5faad","name":"log","source":"8e1ae06cdda5faad.txt","type":"text/plain","size":992},{"uid":"4e5d2b3cf9611c4","name":"stdout","source":"4e5d2b3cf9611c4.txt","type":"text/plain","size":100},{"uid":"f447d2af5d048129","name":"stderr","source":"f447d2af5d048129.txt","type":"text/plain","size":6538}],"parameters":[],"stepsCount":2,"attachmentsCount":5,"shouldDisplayMessage":true,"hasContent":true},"afterStages":[{"name":"setUp::0","time":{"start":1660132363840,"stop":1660132363907,"duration":67},"status":"passed","steps":[],"attachments":[],"parameters":[],"stepsCount":0,"attachmentsCount":0,"shouldDisplayMessage":false,"hasContent":false},{"name":"oneTimeSetUp::0","time":{"start":1660132363907,"stop":1660132363907,"duration":0},"status":"passed","steps":[],"attachments":[],"parameters":[],"stepsCount":0,"attachmentsCount":0,"shouldDisplayMessage":false,"hasContent":false},{"name":"_unittest_setUpClass_fixture_ProfileTest::0","time":{"start":1660132363907,"stop":1660132363907,"duration":0},"status":"passed","steps":[],"attachments":[],"parameters":[],"stepsCount":0,"attachmentsCount":0,"shouldDisplayMessage":false,"hasContent":false}],"labels":[{"name":"story","value":"Profile"},{"name":"tag","value":"@pytest.mark.usefixtures('oneTimeSetUp', 'setUp')"},{"name":"parentSuite","value":"tests"},{"name":"suite","value":"test_suite_demo"},{"name":"subSuite","value":"ProfileTest"},{"name":"host","value":"fv-az449-327"},{"name":"thread","value":"2373-MainThread"},{"name":"framework","value":"pytest"},{"name":"language","value":"cpython3"},{"name":"package","value":"tests.test_suite_demo"},{"name":"resultFormat","value":"allure2"}],"parameters":[],"links":[],"hidden":false,"retry":false,"extra":{"severity":"normal","retries":[],"categories":[{"name":"Product defects","matchedStatuses":[],"flaky":false}],"history":{"statistic":{"failed":2,"broken":1,"skipped":0,"passed":2,"unknown":0,"total":5},"items":[{"uid":"4ebfcad76713d430","reportUrl":"https://suresh-chunduru.github.io/FlyerrUIAutomation/23//#testresult/4ebfcad76713d430","status":"passed","time":{"start":1660128791455,"stop":1660128907521,"duration":116066}},{"uid":"f8f77d0a2be57dac","reportUrl":"https://suresh-chunduru.github.io/FlyerrUIAutomation/22//#testresult/f8f77d0a2be57dac","status":"broken","statusDetails":"selenium.common.exceptions.InvalidSessionIdException: Message: invalid session id\nStacktrace:\n#0 0x562375a11403 <unknown>\n#1 0x56237581764b <unknown>\n#2 0x562375841a0b <unknown>\n#3 0x56237586c97c <unknown>\n#4 0x56237586a620 <unknown>\n#5 0x562375869e47 <unknown>\n#6 0x5623757ef584 <unknown>\n#7 0x5623757f03e3 <unknown>\n#8 0x562375a58e3d <unknown>\n#9 0x562375a5bdb6 <unknown>\n#10 0x562375a4213e <unknown>\n#11 0x562375a5c9b5 <unknown>\n#12 0x562375a36970 <unknown>\n#13 0x5623757ef0a5 <unknown>\n#14 0x7fa21e5ef083 <unknown>","time":{"start":1660127787117,"stop":1660127838650,"duration":51533}},{"uid":"833509cecbc2e8ad","reportUrl":"https://suresh-chunduru.github.io/FlyerrUIAutomation/21//#testresult/833509cecbc2e8ad","status":"passed","time":{"start":1660121427412,"stop":1660121572839,"duration":145427}},{"uid":"27b8a90e4479020f","reportUrl":"https://suresh-chunduru.github.io/FlyerrUIAutomation/20//#testresult/27b8a90e4479020f","status":"failed","statusDetails":"AssertionError: Navigation to profile page failed","time":{"start":1660120886058,"stop":1660120998081,"duration":112023}}]},"tags":["@pytest.mark.usefixtures('oneTimeSetUp', 'setUp')"]},"source":"50b9f2182de03f5c.json","parameterValues":[]}